0 info it worked if it ends with ok
1 verbose cli [ 'E:\\node\\node.exe',
1 verbose cli   'E:\\node\\node_modules\\npm\\bin\\npm-cli.js',
1 verbose cli   'run',
1 verbose cli   'build' ]
2 info using npm@3.10.10
3 info using node@v6.9.4
4 verbose run-script [ 'prebuild', 'build', 'postbuild' ]
5 info lifecycle ruseme@0.1.0~prebuild: ruseme@0.1.0
6 silly lifecycle ruseme@0.1.0~prebuild: no script for prebuild, continuing
7 info lifecycle ruseme@0.1.0~build: ruseme@0.1.0
8 verbose lifecycle ruseme@0.1.0~build: unsafe-perm in lifecycle true
9 verbose lifecycle ruseme@0.1.0~build: PATH: E:\node\node_modules\npm\bin\node-gyp-bin;C:\Users\HH\Desktop\resume\node_modules\.bin;C:\Windows\system32;C:\Windows;C:\Windows\System32\Wbem;C:\Windows\System32\WindowsPowerShell\v1.0\;C:\Program Files (x86)\NVIDIA Corporation\PhysX\Common;C:\Program Files (x86)\Autodesk\Backburner\;C:\Program Files\Common Files\Autodesk Shared\;C:\windows\system32;C:\windows;C:\windows\System32\Wbem;E:\node\;C:\Program Files\Git\cmd;C:\Program Files\TortoiseGit\bin;C:\Users\HH\AppData\Roaming\npm
10 verbose lifecycle ruseme@0.1.0~build: CWD: C:\Users\HH\Desktop\resume
11 silly lifecycle ruseme@0.1.0~build: Args: [ '/d /s /c', 'node scripts/build.js' ]
12 silly lifecycle ruseme@0.1.0~build: Returned: code: 3221225786  signal: null
13 info lifecycle ruseme@0.1.0~build: Failed to exec build script
14 verbose stack Error: ruseme@0.1.0 build: `node scripts/build.js`
14 verbose stack Exit status 3221225786
14 verbose stack     at EventEmitter.<anonymous> (E:\node\node_modules\npm\lib\utils\lifecycle.js:255:16)
14 verbose stack     at emitTwo (events.js:106:13)
14 verbose stack     at EventEmitter.emit (events.js:191:7)
14 verbose stack     at ChildProcess.<anonymous> (E:\node\node_modules\npm\lib\utils\spawn.js:40:14)
14 verbose stack     at emitTwo (events.js:106:13)
14 verbose stack     at ChildProcess.emit (events.js:191:7)
14 verbose stack     at maybeClose (internal/child_process.js:877:16)
14 verbose stack     at Process.ChildProcess._handle.onexit (internal/child_process.js:226:5)
15 verbose pkgid ruseme@0.1.0
16 verbose cwd C:\Users\HH\Desktop\resume
17 error Windows_NT 6.1.7601
18 error argv "E:\\node\\node.exe" "E:\\node\\node_modules\\npm\\bin\\npm-cli.js" "run" "build"
19 error node v6.9.4
20 error npm  v3.10.10
21 error code ELIFECYCLE
22 error ruseme@0.1.0 build: `node scripts/build.js`
22 error Exit status 3221225786
23 error Failed at the ruseme@0.1.0 build script 'node scripts/build.js'.
23 error Make sure you have the latest version of node.js and npm installed.
23 error If you do, this is most likely a problem with the ruseme package,
23 error not with npm itself.
23 error Tell the author that this fails on your system:
23 error     node scripts/build.js
23 error You can get information on how to open an issue for this project with:
23 error     npm bugs ruseme
23 error Or if that isn't available, you can get their info via:
23 error     npm owner ls ruseme
23 error There is likely additional logging output above.
24 verbose exit [ 1, true ]
